<?xml version="1.0" encoding="UTF-8"?>
<!-- Generated by org.testng.reporters.JUnitReportReporter -->
<testsuite hostname="Kani-HP" failures="0" tests="1" name="com.openmrs.testcases.TC001_SuccessfulLoginTest" time="21.308" errors="0" timestamp="2021-10-18T19:02:14 IST" skipped="0">
  <testcase classname="com.openmrs.testcases.TC001_SuccessfulLoginTest" name="successfulLoginTest" time="21.308"/>
  <system-out/>
</testsuite> <!-- com.openmrs.testcases.TC001_SuccessfulLoginTest -->
