<?xml version="1.0" encoding="UTF-8"?>
<!-- Generated by org.testng.reporters.JUnitReportReporter -->
<testsuite hostname="Kani-HP" failures="0" tests="1" name="com.openmrs.testcases.TC002_UnsuccessfulLoginTest" time="9.547" errors="0" timestamp="2021-10-18T19:02:14 IST" skipped="0">
  <testcase classname="com.openmrs.testcases.TC002_UnsuccessfulLoginTest" name="unSuccessfulLoginTest" time="9.547"/>
  <system-out/>
</testsuite> <!-- com.openmrs.testcases.TC002_UnsuccessfulLoginTest -->
