<?xml version="1.0" encoding="UTF-8"?>
<!-- Generated by org.testng.reporters.JUnitReportReporter -->
<testsuite hostname="Kani-HP" failures="0" tests="1" name="com.openmrs.testcases.LoginPageTest" time="0.000" errors="0" timestamp="2021-10-12T01:49:39 IST" skipped="1">
  <testcase classname="com.openmrs.testcases.LoginPageTest" name="successfulLoginTest" time="0.000">
    <skipped/>
  </testcase> <!-- successfulLoginTest -->
  <system-out/>
</testsuite> <!-- com.openmrs.testcases.LoginPageTest -->
